{"C:\\Users\\benge\\OneDrive\\Old Documents\\React Examples\\data-structures\\linkedlist.js": {"path":"C:\\Users\\benge\\OneDrive\\Old Documents\\React Examples\\data-structures\\linkedlist.js","statementMap":{"0":{"start":{"line":7,"column":8},"end":{"line":7,"column":27}},"1":{"start":{"line":8,"column":8},"end":{"line":8,"column":25}},"2":{"start":{"line":16,"column":8},"end":{"line":16,"column":25}},"3":{"start":{"line":17,"column":8},"end":{"line":17,"column":25}},"4":{"start":{"line":21,"column":24},"end":{"line":21,"column":49}},"5":{"start":{"line":23,"column":8},"end":{"line":25,"column":9}},"6":{"start":{"line":24,"column":12},"end":{"line":24,"column":37}},"7":{"start":{"line":27,"column":8},"end":{"line":27,"column":28}},"8":{"start":{"line":30,"column":8},"end":{"line":32,"column":9}},"9":{"start":{"line":31,"column":12},"end":{"line":31,"column":32}},"10":{"start":{"line":38,"column":24},"end":{"line":38,"column":75}},"11":{"start":{"line":40,"column":8},"end":{"line":40,"column":28}},"12":{"start":{"line":45,"column":8},"end":{"line":47,"column":9}},"13":{"start":{"line":46,"column":12},"end":{"line":46,"column":24}},"14":{"start":{"line":49,"column":22},"end":{"line":49,"column":31}},"15":{"start":{"line":51,"column":8},"end":{"line":56,"column":9}},"16":{"start":{"line":52,"column":12},"end":{"line":54,"column":13}},"17":{"start":{"line":53,"column":16},"end":{"line":53,"column":31}},"18":{"start":{"line":55,"column":12},"end":{"line":55,"column":35}},"19":{"start":{"line":58,"column":8},"end":{"line":58,"column":20}},"20":{"start":{"line":63,"column":29},"end":{"line":63,"column":58}},"21":{"start":{"line":65,"column":8},"end":{"line":78,"column":9}},"22":{"start":{"line":66,"column":28},"end":{"line":66,"column":66}},"23":{"start":{"line":68,"column":38},"end":{"line":68,"column":55}},"24":{"start":{"line":70,"column":12},"end":{"line":72,"column":13}},"25":{"start":{"line":71,"column":16},"end":{"line":71,"column":36}},"26":{"start":{"line":74,"column":12},"end":{"line":74,"column":40}},"27":{"start":{"line":77,"column":12},"end":{"line":77,"column":27}},"28":{"start":{"line":79,"column":8},"end":{"line":79,"column":20}},"29":{"start":{"line":84,"column":8},"end":{"line":86,"column":9}},"30":{"start":{"line":85,"column":12},"end":{"line":85,"column":24}},"31":{"start":{"line":92,"column":8},"end":{"line":94,"column":9}},"32":{"start":{"line":93,"column":12},"end":{"line":93,"column":39}},"33":{"start":{"line":96,"column":22},"end":{"line":96,"column":31}},"34":{"start":{"line":99,"column":8},"end":{"line":106,"column":9}},"35":{"start":{"line":100,"column":12},"end":{"line":104,"column":13}},"36":{"start":{"line":101,"column":16},"end":{"line":101,"column":49}},"37":{"start":{"line":103,"column":16},"end":{"line":103,"column":39}},"38":{"start":{"line":108,"column":8},"end":{"line":110,"column":9}},"39":{"start":{"line":109,"column":12},"end":{"line":109,"column":32}},"40":{"start":{"line":116,"column":25},"end":{"line":116,"column":27}},"41":{"start":{"line":118,"column":22},"end":{"line":118,"column":31}},"42":{"start":{"line":119,"column":8},"end":{"line":122,"column":9}},"43":{"start":{"line":120,"column":12},"end":{"line":120,"column":34}},"44":{"start":{"line":121,"column":12},"end":{"line":121,"column":35}},"45":{"start":{"line":124,"column":8},"end":{"line":124,"column":24}},"46":{"start":{"line":130,"column":0},"end":{"line":130,"column":27}}},"fnMap":{"0":{"name":"(anonymous_0)","decl":{"start":{"line":6,"column":4},"end":{"line":6,"column":5}},"loc":{"start":{"line":6,"column":29},"end":{"line":9,"column":5}},"line":6},"1":{"name":"(anonymous_1)","decl":{"start":{"line":15,"column":4},"end":{"line":15,"column":5}},"loc":{"start":{"line":15,"column":18},"end":{"line":18,"column":5}},"line":15},"2":{"name":"(anonymous_2)","decl":{"start":{"line":20,"column":4},"end":{"line":20,"column":5}},"loc":{"start":{"line":20,"column":18},"end":{"line":33,"column":5}},"line":20},"3":{"name":"(anonymous_3)","decl":{"start":{"line":35,"column":4},"end":{"line":35,"column":5}},"loc":{"start":{"line":35,"column":19},"end":{"line":42,"column":5}},"line":35},"4":{"name":"(anonymous_4)","decl":{"start":{"line":44,"column":4},"end":{"line":44,"column":5}},"loc":{"start":{"line":44,"column":16},"end":{"line":59,"column":5}},"line":44},"5":{"name":"(anonymous_5)","decl":{"start":{"line":61,"column":4},"end":{"line":61,"column":5}},"loc":{"start":{"line":61,"column":43},"end":{"line":80,"column":5}},"line":61},"6":{"name":"(anonymous_6)","decl":{"start":{"line":82,"column":4},"end":{"line":82,"column":5}},"loc":{"start":{"line":82,"column":18},"end":{"line":113,"column":5}},"line":82},"7":{"name":"(anonymous_7)","decl":{"start":{"line":115,"column":4},"end":{"line":115,"column":5}},"loc":{"start":{"line":115,"column":14},"end":{"line":125,"column":5}},"line":115}},"branchMap":{"0":{"loc":{"start":{"line":23,"column":8},"end":{"line":25,"column":9}},"type":"if","locations":[{"start":{"line":23,"column":8},"end":{"line":25,"column":9}},{"start":{},"end":{}}],"line":23},"1":{"loc":{"start":{"line":30,"column":8},"end":{"line":32,"column":9}},"type":"if","locations":[{"start":{"line":30,"column":8},"end":{"line":32,"column":9}},{"start":{},"end":{}}],"line":30},"2":{"loc":{"start":{"line":38,"column":45},"end":{"line":38,"column":73}},"type":"cond-expr","locations":[{"start":{"line":38,"column":57},"end":{"line":38,"column":66}},{"start":{"line":38,"column":69},"end":{"line":38,"column":73}}],"line":38},"3":{"loc":{"start":{"line":45,"column":8},"end":{"line":47,"column":9}},"type":"if","locations":[{"start":{"line":45,"column":8},"end":{"line":47,"column":9}},{"start":{},"end":{}}],"line":45},"4":{"loc":{"start":{"line":52,"column":12},"end":{"line":54,"column":13}},"type":"if","locations":[{"start":{"line":52,"column":12},"end":{"line":54,"column":13}},{"start":{},"end":{}}],"line":52},"5":{"loc":{"start":{"line":65,"column":8},"end":{"line":78,"column":9}},"type":"if","locations":[{"start":{"line":65,"column":8},"end":{"line":78,"column":9}},{"start":{},"end":{}}],"line":65},"6":{"loc":{"start":{"line":70,"column":12},"end":{"line":72,"column":13}},"type":"if","locations":[{"start":{"line":70,"column":12},"end":{"line":72,"column":13}},{"start":{},"end":{}}],"line":70},"7":{"loc":{"start":{"line":84,"column":8},"end":{"line":86,"column":9}},"type":"if","locations":[{"start":{"line":84,"column":8},"end":{"line":86,"column":9}},{"start":{},"end":{}}],"line":84},"8":{"loc":{"start":{"line":92,"column":15},"end":{"line":92,"column":53}},"type":"binary-expr","locations":[{"start":{"line":92,"column":15},"end":{"line":92,"column":24}},{"start":{"line":92,"column":28},"end":{"line":92,"column":53}}],"line":92},"9":{"loc":{"start":{"line":100,"column":12},"end":{"line":104,"column":13}},"type":"if","locations":[{"start":{"line":100,"column":12},"end":{"line":104,"column":13}},{"start":{"line":102,"column":19},"end":{"line":104,"column":13}}],"line":100},"10":{"loc":{"start":{"line":108,"column":8},"end":{"line":110,"column":9}},"type":"if","locations":[{"start":{"line":108,"column":8},"end":{"line":110,"column":9}},{"start":{},"end":{}}],"line":108}},"s":{"0":1,"1":1,"2":1,"3":1,"4":1,"5":1,"6":0,"7":1,"8":1,"9":1,"10":0,"11":0,"12":0,"13":0,"14":0,"15":0,"16":0,"17":0,"18":0,"19":0,"20":0,"21":0,"22":0,"23":0,"24":0,"25":0,"26":0,"27":0,"28":0,"29":0,"30":0,"31":0,"32":0,"33":0,"34":0,"35":0,"36":0,"37":0,"38":0,"39":0,"40":0,"41":0,"42":0,"43":0,"44":0,"45":0,"46":1},"f":{"0":1,"1":1,"2":1,"3":0,"4":0,"5":0,"6":0,"7":0},"b":{"0":[0,1],"1":[1,0],"2":[0,0],"3":[0,0],"4":[0,0],"5":[0,0],"6":[0,0],"7":[0,0],"8":[0,0],"9":[0,0],"10":[0,0]},"_coverageSchema":"1a1c01bbd47fc00a2c39e90264f33305004495a9","hash":"42496c857bb74353e7fd60b6a0c5014106ffcdd7"}
}
